Build started 3/12/2011 2:10:16 PM.
     1>Project "C:\Users\John\documents\visual studio 2010\Projects\combinePointClouds\CombinePointClouds\CombinePointClouds.vcxproj" on node 2 (build target(s)).
     1>InitializeBuildStatus:
         Touching "Debug\CombinePointClouds.unsuccessfulbuild".
       GenerateTargetFrameworkMonikerAttribute:
       Skipping target "GenerateTargetFrameworkMonikerAttribute" because all output files are up-to-date with respect to the input files.
       ClCompile:
         All outputs are up-to-date.
         C:\Program Files (x86)\Microsoft Visual Studio 10.0\VC\bin\CL.exe /c /AI"C:\Program Files (x86)\Reference Assemblies\Microsoft\Framework\.NETFramework\v4.0" /Zi /clr:pure /nologo /W3 /WX- /Od /Oy- /D WIN32 /D _DEBUG /D _UNICODE /D UNICODE /EHa /MDd /GS /fp:precise /Zc:wchar_t /Zc:forScope /Yu"StdAfx.h" /Fp"Debug\CombinePointClouds.pch" /Fo"Debug\\" /Fd"Debug\vc100.pdb" /TP /FU"C:\Program Files (x86)\Reference Assemblies\Microsoft\Framework\.NETFramework\v4.0\System.Core.dll" /FU"C:\Program Files (x86)\Reference Assemblies\Microsoft\Framework\.NETFramework\v4.0\System.Data.dll" /FU"C:\Program Files (x86)\Reference Assemblies\Microsoft\Framework\.NETFramework\v4.0\System.dll" /FU"C:\Program Files (x86)\Reference Assemblies\Microsoft\Framework\.NETFramework\v4.0\System.Drawing.dll" /FU"C:\Program Files (x86)\Reference Assemblies\Microsoft\Framework\.NETFramework\v4.0\System.Windows.Forms.dll" /FU"C:\Program Files (x86)\Reference Assemblies\Microsoft\Framework\.NETFramework\v4.0\System.Xml.dll" /analyze- /errorReport:prompt CombinePointClouds.cpp /clr:nostdlib 
         CombinePointClouds.cpp
     1>c:\users\john\documents\visual studio 2010\projects\combinepointclouds\combinepointclouds\Form1.h(109): error C3861: 'split': identifier not found
     1>c:\users\john\documents\visual studio 2010\projects\combinepointclouds\combinepointclouds\Form1.h(113): warning C4244: 'initializing' : conversion from 'double' to 'float', possible loss of data
     1>Done Building Project "C:\Users\John\documents\visual studio 2010\Projects\combinePointClouds\CombinePointClouds\CombinePointClouds.vcxproj" (build target(s)) -- FAILED.

Build FAILED.

Time Elapsed 00:00:01.12
